TpTrace Verbose: 0 : 164968, 1, 2017/03/10, 14:13:45.393, 25112638703903, vstest.console.dll, TestPluginCache: Discovering the extensions using extension path.
TpTrace Information: 0 : 164968, 1, 2017/03/10, 14:13:45.429, 25112639036330, vstest.console.dll, AssemblyResolver: Microsoft.VisualStudio.TestPlatform.Extensions.TrxLogger: Resolving assembly.
TpTrace Information: 0 : 164968, 1, 2017/03/10, 14:13:45.431, 25112639058545, vstest.console.dll, AssemblyResolver: Microsoft.VisualStudio.TestPlatform.Extensions.TrxLogger: Resolved assembly. 
TpTrace Verbose: 0 : 164968, 1, 2017/03/10, 14:13:45.439, 25112639131229, vstest.console.dll, TestPluginCache: Discovered the extensions using extension path ''.
TpTrace Verbose: 0 : 164968, 1, 2017/03/10, 14:13:45.440, 25112639147386, vstest.console.dll, TestPluginCache: Discoverers are ''.
TpTrace Verbose: 0 : 164968, 1, 2017/03/10, 14:13:45.441, 25112639151904, vstest.console.dll, TestPluginCache: Executors are ''.
TpTrace Verbose: 0 : 164968, 1, 2017/03/10, 14:13:45.441, 25112639152930, vstest.console.dll, TestPluginCache: Setting providers are ''.
TpTrace Verbose: 0 : 164968, 1, 2017/03/10, 14:13:45.441, 25112639153460, vstest.console.dll, TestPluginCache: Loggers are 'logger://Microsoft/TestPlatform/TrxLogger/v2'.
TpTrace Information: 0 : 164968, 1, 2017/03/10, 14:13:45.482, 25112639558047, vstest.console.dll, RunTestsArgumentProcessor:Execute: Test run is starting.
TpTrace Verbose: 0 : 164968, 1, 2017/03/10, 14:13:45.506, 25112639806870, vstest.console.dll, Using effective platform:X86 effective framework:.NETCoreApp,Version=v1.1
TpTrace Verbose: 0 : 164968, 1, 2017/03/10, 14:13:45.537, 25112640117224, vstest.console.dll, RunTestsArgumentProcessor:Execute: Queuing Test run.
TpTrace Verbose: 0 : 164968, 1, 2017/03/10, 14:13:45.557, 25112640312188, vstest.console.dll, TestEngine: Initializing Parallel Execution as MaxCpuCount is set to: 1
TpTrace Verbose: 0 : 164968, 1, 2017/03/10, 14:13:45.579, 25112640536687, vstest.console.dll, TestRunRequest.ExecuteAsync: Creating test run request.
TpTrace Verbose: 0 : 164968, 1, 2017/03/10, 14:13:45.584, 25112640581174, vstest.console.dll, TestRunRequest.ExecuteAsync: Starting.
TpTrace Information: 0 : 164968, 1, 2017/03/10, 14:13:45.585, 25112640592404, vstest.console.dll, TestRunRequest.ExecuteAsync: Starting run with settings:TestRunCriteria:
   KeepAlive=False,FrequencyOfRunStatsChangeEvent=10,RunStatsChangeEventTimeout=00:00:01.5000000,TestCaseFilter=,TestExecutorLauncher=
   Settingsxml=<RunSettings>
  <RunConfiguration>
    <ResultsDirectory>D:\github\aspnet\KestrelHttpServer\test\Microsoft.AspNetCore.Server.KestrelTests\TestResults</ResultsDirectory>
    <TargetPlatform>X86</TargetPlatform>
    <TargetFrameworkVersion>.NETCoreApp,Version=v1.1</TargetFrameworkVersion>
  </RunConfiguration>
</RunSettings>

TpTrace Verbose: 0 : 164968, 1, 2017/03/10, 14:13:45.585, 25112640593172, vstest.console.dll, TestRunRequest.ExecuteAsync: Wait for the first run request is over.
TpTrace Information: 0 : 164968, 1, 2017/03/10, 14:13:45.590, 25112640646145, vstest.console.dll, TestRunRequest.ExecuteAsync: Started.
TpTrace Verbose: 0 : 164968, 1, 2017/03/10, 14:13:45.591, 25112640652402, vstest.console.dll, TestRunRequest.WaitForCompletion: Waiting with timeout -1.
TpTrace Information: 0 : 164968, 5, 2017/03/10, 14:13:45.593, 25112640670447, vstest.console.dll, ProxyParallelExecutionManager: Triggering test run for next source: D:\github\aspnet\KestrelHttpServer\test\Microsoft.AspNetCore.Server.KestrelTests\bin\Debug\netcoreapp1.1\Microsoft.AspNetCore.Server.KestrelTests.dll
TpTrace Verbose: 0 : 164968, 5, 2017/03/10, 14:13:45.595, 25112640696883, vstest.console.dll, ProxyExecutionManager: Test host is non shared. Lazy initialize.
TpTrace Information: 0 : 164968, 5, 2017/03/10, 14:13:45.643, 25112641178453, vstest.console.dll, Listening on port : 2019
TpTrace Verbose: 0 : 164968, 5, 2017/03/10, 14:13:45.666, 25112641403448, vstest.console.dll, DotnetTestHostmanager: Full path of dotnet.exe is C:\Users\pakrym\AppData\Local\Microsoft\dotnet\dotnet.exe
TpTrace Verbose: 0 : 164968, 5, 2017/03/10, 14:13:45.666, 25112641405981, vstest.console.dll, DotnetTestHostmanager: Adding  --runtimeconfig "D:\github\aspnet\KestrelHttpServer\test\Microsoft.AspNetCore.Server.KestrelTests\bin\Debug\netcoreapp1.1\Microsoft.AspNetCore.Server.KestrelTests.runtimeconfig.json" in args
TpTrace Verbose: 0 : 164968, 5, 2017/03/10, 14:13:45.666, 25112641406923, vstest.console.dll, DotnetTestHostmanager: Adding  --depsfile "D:\github\aspnet\KestrelHttpServer\test\Microsoft.AspNetCore.Server.KestrelTests\bin\Debug\netcoreapp1.1\Microsoft.AspNetCore.Server.KestrelTests.deps.json" in args
TpTrace Verbose: 0 : 164968, 5, 2017/03/10, 14:13:45.674, 25112641482611, vstest.console.dll, DotnetTestHostmanager: Reading file D:\github\aspnet\KestrelHttpServer\test\Microsoft.AspNetCore.Server.KestrelTests\bin\Debug\netcoreapp1.1\Microsoft.AspNetCore.Server.KestrelTests.deps.json to get path of testhost.dll
TpTrace Verbose: 0 : 164968, 5, 2017/03/10, 14:13:45.780, 25112642542250, vstest.console.dll, DotnetTestHostmanager: Relative path of testhost.dll with respect to package folder is microsoft.testplatform.testhost/15.0.0\lib/netstandard1.5/testhost.dll
TpTrace Verbose: 0 : 164968, 5, 2017/03/10, 14:13:45.799, 25112642737436, vstest.console.dll, DotnetTestHostmanager: Looking for path microsoft.testplatform.testhost/15.0.0\lib/netstandard1.5/testhost.dll in folder C:\Users\pakrym\.nuget\packages
TpTrace Verbose: 0 : 164968, 5, 2017/03/10, 14:13:45.800, 25112642740387, vstest.console.dll, DotnetTestHostmanager: Full path of testhost.dll is C:\Users\pakrym\.nuget\packages\microsoft.testplatform.testhost/15.0.0\lib/netstandard1.5/testhost.dll
TpTrace Verbose: 0 : 164968, 5, 2017/03/10, 14:13:45.801, 25112642757843, vstest.console.dll, ProcessHelper: Starting process 'C:\Users\pakrym\AppData\Local\Microsoft\dotnet\dotnet.exe' with command line 'exec --runtimeconfig "D:\github\aspnet\KestrelHttpServer\test\Microsoft.AspNetCore.Server.KestrelTests\bin\Debug\netcoreapp1.1\Microsoft.AspNetCore.Server.KestrelTests.runtimeconfig.json" --depsfile "D:\github\aspnet\KestrelHttpServer\test\Microsoft.AspNetCore.Server.KestrelTests\bin\Debug\netcoreapp1.1\Microsoft.AspNetCore.Server.KestrelTests.deps.json" "C:\Users\pakrym\.nuget\packages\microsoft.testplatform.testhost/15.0.0\lib/netstandard1.5/testhost.dll" --port 2019 --parentprocessid 164968 --diag log.host.17-03-10_14-13-45_65796_5.log'
TpTrace Information: 0 : 164968, 6, 2017/03/10, 14:13:46.028, 25112645029754, vstest.console.dll, Accepted Client request and set the flag
TpTrace Verbose: 0 : 164968, 4, 2017/03/10, 14:13:46.327, 25112648015952, vstest.console.dll, TestRunRequest:SendTestRunMessage: Starting.
TpTrace Information: 0 : 164968, 4, 2017/03/10, 14:13:46.330, 25112648041562, vstest.console.dll, TestRunRequest:SendTestRunMessage: Completed.
TpTrace Information: 0 : 164968, 3, 2017/03/10, 14:13:46.332, 25112648064853, vstest.console.dll, AssemblyResolver: Microsoft.TestPlatform.CoreUtilities.resources: Resolving assembly.
TpTrace Information: 0 : 164968, 3, 2017/03/10, 14:13:46.333, 25112648075156, vstest.console.dll, AssemblyResolver: Microsoft.TestPlatform.CoreUtilities.resources: Resolving assembly.
TpTrace Verbose: 0 : 164968, 4, 2017/03/10, 14:13:46.997, 25112654711134, vstest.console.dll, TestRunRequest:SendTestRunMessage: Starting.
TpTrace Information: 0 : 164968, 4, 2017/03/10, 14:13:46.997, 25112654712521, vstest.console.dll, TestRunRequest:SendTestRunMessage: Completed.
TpTrace Verbose: 0 : 164968, 4, 2017/03/10, 14:13:50.499, 25112689721710, vstest.console.dll, TestRunRequest:SendTestRunMessage: Starting.
TpTrace Information: 0 : 164968, 4, 2017/03/10, 14:13:50.499, 25112689724372, vstest.console.dll, TestRunRequest:SendTestRunMessage: Completed.
TpTrace Verbose: 0 : 164968, 4, 2017/03/10, 14:13:51.261, 25112697360236, vstest.console.dll, TestRunRequest:SendTestRunMessage: Starting.
TpTrace Information: 0 : 164968, 4, 2017/03/10, 14:13:51.262, 25112697361694, vstest.console.dll, TestRunRequest:SendTestRunMessage: Completed.
TpTrace Verbose: 0 : 164968, 4, 2017/03/10, 14:13:51.667, 25112701419154, vstest.console.dll, TestRunRequest:SendTestRunStatsChange: Starting.
TpTrace Verbose: 0 : 164968, 4, 2017/03/10, 14:13:51.674, 25112701480371, vstest.console.dll, InProgress is Microsoft.AspNetCore.Server.KestrelTests.ConnectionAdapterTests.CanReadAndWriteWithRewritingConnectionAdapter
TpTrace Information: 0 : 164968, 4, 2017/03/10, 14:13:51.674, 25112701487446, vstest.console.dll, TestRunRequest:SendTestRunStatsChange: Completed.
TpTrace Verbose: 0 : 164968, 4, 2017/03/10, 14:13:51.729, 25112702034940, vstest.console.dll, TestRunRequest:SendTestRunStatsChange: Starting.
TpTrace Verbose: 0 : 164968, 4, 2017/03/10, 14:13:51.729, 25112702036218, vstest.console.dll, InProgress is Microsoft.AspNetCore.Server.KestrelTests.ChunkedRequestTests.ExtensionsAreIgnored
TpTrace Verbose: 0 : 164968, 4, 2017/03/10, 14:13:51.729, 25112702036696, vstest.console.dll, InProgress is Microsoft.AspNetCore.Server.KestrelTests.UvTimerHandleTests.TestRepeat
TpTrace Verbose: 0 : 164968, 4, 2017/03/10, 14:13:51.729, 25112702036976, vstest.console.dll, InProgress is Microsoft.AspNetCore.Server.KestrelTests.UvStreamHandleTests.ReadStopIsIdempotent
TpTrace Verbose: 0 : 164968, 4, 2017/03/10, 14:13:51.729, 25112702037315, vstest.console.dll, InProgress is Microsoft.AspNetCore.Server.KestrelTests.KestrelServerTests.StartWarnsWhenIgnoringIServerAddressesFeature(ignoredAddress: "http://localhost:5000")
TpTrace Verbose: 0 : 164968, 4, 2017/03/10, 14:13:51.729, 25112702037575, vstest.console.dll, InProgress is Microsoft.AspNetCore.Server.KestrelTests.NetworkingTests.LoopCanBeInitAndClose
TpTrace Verbose: 0 : 164968, 4, 2017/03/10, 14:13:51.729, 25112702038105, vstest.console.dll, InProgress is Microsoft.AspNetCore.Server.KestrelTests.RequestTargetProcessingTests.RequestFeatureContainsRawTarget(requestTarget: "/base/path")
TpTrace Verbose: 0 : 164968, 4, 2017/03/10, 14:13:51.729, 25112702038394, vstest.console.dll, InProgress is Microsoft.AspNetCore.Server.KestrelTests.PathNormalizerTests.RemovesDotSegments(expected: "/.a", input: "/.a")
TpTrace Information: 0 : 164968, 4, 2017/03/10, 14:13:51.731, 25112702051357, vstest.console.dll, TestRunRequest:SendTestRunStatsChange: Completed.
TpTrace Verbose: 0 : 164968, 4, 2017/03/10, 14:13:52.691, 25112711649993, vstest.console.dll, TestRunRequest:SendTestRunStatsChange: Starting.
TpTrace Verbose: 0 : 164968, 4, 2017/03/10, 14:13:52.692, 25112711651307, vstest.console.dll, InProgress is Microsoft.AspNetCore.Server.KestrelTests.FrameRequestStreamTests.CanSeekReturnsFalse
TpTrace Verbose: 0 : 164968, 4, 2017/03/10, 14:13:52.692, 25112711651891, vstest.console.dll, InProgress is Microsoft.AspNetCore.Server.KestrelTests.DateHeaderValueManagerTests.GetDateHeaderValue_ReturnsDateValueInRFC1123Format
TpTrace Verbose: 0 : 164968, 4, 2017/03/10, 14:13:52.692, 25112711652484, vstest.console.dll, InProgress is Microsoft.AspNetCore.Server.KestrelTests.PathNormalizerTests.RemovesDotSegments(expected: "/b", input: "/a/../.../../b")
TpTrace Information: 0 : 164968, 4, 2017/03/10, 14:13:52.692, 25112711653703, vstest.console.dll, TestRunRequest:SendTestRunStatsChange: Completed.
TpTrace Verbose: 0 : 164968, 4, 2017/03/10, 14:13:52.714, 25112711878249, vstest.console.dll, TestRunRequest:SendTestRunStatsChange: Starting.
TpTrace Verbose: 0 : 164968, 4, 2017/03/10, 14:13:52.714, 25112711879476, vstest.console.dll, InProgress is Microsoft.AspNetCore.Server.KestrelTests.DateHeaderValueManagerTests.GetDateHeaderValue_ReturnsCachedValueBetweenTimerTicks
TpTrace Verbose: 0 : 164968, 4, 2017/03/10, 14:13:52.714, 25112711879844, vstest.console.dll, InProgress is Microsoft.AspNetCore.Server.KestrelTests.PathNormalizerTests.RemovesDotSegments(expected: "/", input: "/a/../b/../")
TpTrace Information: 0 : 164968, 4, 2017/03/10, 14:13:52.715, 25112711880583, vstest.console.dll, TestRunRequest:SendTestRunStatsChange: Completed.
TpTrace Verbose: 0 : 164968, 4, 2017/03/10, 14:13:53.028, 25112715012646, vstest.console.dll, TestRunRequest:SendTestRunStatsChange: Starting.
TpTrace Verbose: 0 : 164968, 4, 2017/03/10, 14:13:53.028, 25112715015047, vstest.console.dll, InProgress is Microsoft.AspNetCore.Server.KestrelTests.FrameRequestStreamTests.NullDestinationCausesCopyToAsyncToThrowArgumentNullException
TpTrace Verbose: 0 : 164968, 4, 2017/03/10, 14:13:53.028, 25112715015871, vstest.console.dll, InProgress is Microsoft.AspNetCore.Server.KestrelTests.PathNormalizerTests.RemovesDotSegments(expected: "/a", input: "/../a")
TpTrace Information: 0 : 164968, 4, 2017/03/10, 14:13:53.028, 25112715018098, vstest.console.dll, TestRunRequest:SendTestRunStatsChange: Completed.
TpTrace Verbose: 0 : 164968, 4, 2017/03/10, 14:13:53.062, 25112715355411, vstest.console.dll, TestRunRequest:SendTestRunStatsChange: Starting.
TpTrace Verbose: 0 : 164968, 4, 2017/03/10, 14:13:53.062, 25112715356923, vstest.console.dll, InProgress is Microsoft.AspNetCore.Server.KestrelTests.PathNormalizerTests.RemovesDotSegments(expected: "a/c", input: "a/b/../c")
TpTrace Information: 0 : 164968, 4, 2017/03/10, 14:13:53.062, 25112715358346, vstest.console.dll, TestRunRequest:SendTestRunStatsChange: Completed.
TpTrace Verbose: 0 : 164968, 4, 2017/03/10, 14:13:53.076, 25112715499482, vstest.console.dll, TestRunRequest:SendTestRunStatsChange: Starting.
TpTrace Verbose: 0 : 164968, 4, 2017/03/10, 14:13:53.077, 25112715501340, vstest.console.dll, InProgress is Microsoft.AspNetCore.Server.KestrelTests.FrameRequestStreamTests.LengthThrows
TpTrace Verbose: 0 : 164968, 4, 2017/03/10, 14:13:53.077, 25112715501999, vstest.console.dll, InProgress is Microsoft.AspNetCore.Server.KestrelTests.NetworkingTests.SocketCanReadAndWrite
TpTrace Verbose: 0 : 164968, 4, 2017/03/10, 14:13:53.077, 25112715502824, vstest.console.dll, InProgress is Microsoft.AspNetCore.Server.KestrelTests.DateHeaderValueManagerTests.GetDateHeaderValue_ReturnsUpdatedValueAfterIdle
TpTrace Information: 0 : 164968, 4, 2017/03/10, 14:13:53.077, 25112715503875, vstest.console.dll, TestRunRequest:SendTestRunStatsChange: Completed.
TpTrace Verbose: 0 : 164968, 4, 2017/03/10, 14:13:53.099, 25112715726713, vstest.console.dll, TestRunRequest:SendTestRunStatsChange: Starting.
TpTrace Verbose: 0 : 164968, 4, 2017/03/10, 14:13:53.099, 25112715728240, vstest.console.dll, InProgress is Microsoft.AspNetCore.Server.KestrelTests.FrameRequestStreamTests.StopAcceptingReadsCausesCopyToAsyncToThrowObjectDisposedException
TpTrace Verbose: 0 : 164968, 4, 2017/03/10, 14:13:53.099, 25112715729212, vstest.console.dll, InProgress is Microsoft.AspNetCore.Server.KestrelTests.MemoryPoolBlockTests.GetLengthBetweenIteratorsWorks
TpTrace Verbose: 0 : 164968, 4, 2017/03/10, 14:13:53.099, 25112715730017, vstest.console.dll, InProgress is Microsoft.AspNetCore.Server.KestrelTests.MessageBodyTests.Http10ConnectionCloseAsync
TpTrace Verbose: 0 : 164968, 4, 2017/03/10, 14:13:53.099, 25112715730773, vstest.console.dll, InProgress is Microsoft.AspNetCore.Server.KestrelTests.ChunkedResponseTests.EmptyResponseBodyHandledCorrectlyWithZeroLengthWrite
TpTrace Verbose: 0 : 164968, 4, 2017/03/10, 14:13:53.099, 25112715731370, vstest.console.dll, InProgress is Microsoft.AspNetCore.Server.KestrelTests.CreateIPEndpointTests.CorrectIPEndpointsAreCreated(host: "10.10.10.10", expectedAddress: "10.10.10.10")
TpTrace Information: 0 : 164968, 4, 2017/03/10, 14:13:53.099, 25112715732329, vstest.console.dll, TestRunRequest:SendTestRunStatsChange: Completed.
TpTrace Verbose: 0 : 164968, 4, 2017/03/10, 14:13:53.141, 25112716147496, vstest.console.dll, TestRunRequest:SendTestRunStatsChange: Starting.
TpTrace Verbose: 0 : 164968, 4, 2017/03/10, 14:13:53.141, 25112716148886, vstest.console.dll, InProgress is Microsoft.AspNetCore.Server.KestrelTests.EngineTests.ConnectionCanReadAndWrite
TpTrace Verbose: 0 : 164968, 4, 2017/03/10, 14:13:53.141, 25112716149273, vstest.console.dll, InProgress is Microsoft.AspNetCore.Server.KestrelTests.ConnectionTests.DoesNotEndConnectionOnZeroRead
TpTrace Verbose: 0 : 164968, 4, 2017/03/10, 14:13:53.141, 25112716149560, vstest.console.dll, InProgress is Microsoft.AspNetCore.Server.KestrelTests.MemoryPoolIteratorTests.PeekArraySegment
TpTrace Verbose: 0 : 164968, 4, 2017/03/10, 14:13:53.142, 25112716150719, vstest.console.dll, InProgress is Microsoft.AspNetCore.Server.KestrelTests.ChunkWriterTests.ChunkedPrefixMustBeHexCrLfWithoutLeadingZeros(dataCount: 16777216, expected: "1000000\r\n")
TpTrace Information: 0 : 164968, 4, 2017/03/10, 14:13:53.142, 25112716151585, vstest.console.dll, TestRunRequest:SendTestRunStatsChange: Completed.
TpTrace Verbose: 0 : 164968, 4, 2017/03/10, 14:13:53.190, 25112716637287, vstest.console.dll, TestRunRequest:SendTestRunStatsChange: Starting.
TpTrace Verbose: 0 : 164968, 4, 2017/03/10, 14:13:53.190, 25112716639408, vstest.console.dll, InProgress is Microsoft.AspNetCore.Server.KestrelTests.ChunkWriterTests.ChunkedPrefixMustBeHexCrLfWithoutLeadingZeros(dataCount: 1048576, expected: "100000\r\n")
TpTrace Information: 0 : 164968, 4, 2017/03/10, 14:13:53.191, 25112716641008, vstest.console.dll, TestRunRequest:SendTestRunStatsChange: Completed.
TpTrace Verbose: 0 : 164968, 4, 2017/03/10, 14:13:53.222, 25112716954198, vstest.console.dll, TestRunRequest:SendTestRunStatsChange: Starting.
TpTrace Verbose: 0 : 164968, 4, 2017/03/10, 14:13:53.222, 25112716955761, vstest.console.dll, InProgress is Microsoft.AspNetCore.Server.KestrelTests.MultipleLoopTests.ServerPipeDispatchConnections
TpTrace Verbose: 0 : 164968, 4, 2017/03/10, 14:13:53.222, 25112716956579, vstest.console.dll, InProgress is Microsoft.AspNetCore.Server.KestrelTests.MemoryPoolIteratorTests.CorrectContentLengthsOutput
TpTrace Information: 0 : 164968, 4, 2017/03/10, 14:13:53.222, 25112716957742, vstest.console.dll, TestRunRequest:SendTestRunStatsChange: Completed.
TpTrace Verbose: 0 : 164968, 4, 2017/03/10, 14:13:53.258, 25112717314626, vstest.console.dll, TestRunRequest:SendTestRunStatsChange: Starting.
TpTrace Verbose: 0 : 164968, 4, 2017/03/10, 14:13:53.258, 25112717316449, vstest.console.dll, InProgress is Microsoft.AspNetCore.Server.KestrelTests.MemoryPoolIteratorTests.Put
TpTrace Verbose: 0 : 164968, 4, 2017/03/10, 14:13:53.258, 25112717317256, vstest.console.dll, InProgress is Microsoft.AspNetCore.Server.KestrelTests.MultipleLoopTests.ServerPipeListenForConnections
TpTrace Verbose: 0 : 164968, 4, 2017/03/10, 14:13:53.258, 25112717317957, vstest.console.dll, InProgress is Microsoft.AspNetCore.Server.KestrelTests.MessageBodyTests.Http10ConnectionClose
TpTrace Information: 0 : 164968, 4, 2017/03/10, 14:13:53.258, 25112717319190, vstest.console.dll, TestRunRequest:SendTestRunStatsChange: Completed.
TpTrace Information: 0 : 164968, 5, 2017/03/10, 14:13:58.530, 25112770035557, vstest.console.dll, AssemblyResolver: System.Core: Resolving assembly.
TpTrace Error: 0 : 164968, 5, 2017/03/10, 14:13:58.548, 25112770216962, vstest.console.dll, SocketCommunicationManager ReceiveMessage: failed to receive message System.IO.IOException: Unable to read data from the transport connection: An existing connection was forcibly closed by the remote host. ---> System.Net.Sockets.SocketException: An existing connection was forcibly closed by the remote host
   at System.Net.Sockets.Socket.Receive(Byte[] buffer, Int32 offset, Int32 size, SocketFlags socketFlags)
   at System.Net.Sockets.NetworkStream.Read(Byte[] buffer, Int32 offset, Int32 size)
   --- End of inner exception stack trace ---
   at System.Net.Sockets.NetworkStream.Read(Byte[] buffer, Int32 offset, Int32 size)
   at System.IO.BinaryReader.ReadString()
   at Microsoft.VisualStudio.TestPlatform.CommunicationUtilities.SocketCommunicationManager.TryReceiveRawMessage(CancellationToken cancellationToken)
TpTrace Error: 0 : 164968, 4, 2017/03/10, 14:13:58.548, 25112770218853, vstest.console.dll, Unable to receive message from testhost
TpTrace Information: 0 : 164968, 4, 2017/03/10, 14:13:58.549, 25112770225817, vstest.console.dll, AssemblyResolver: Microsoft.TestPlatform.CommunicationUtilities.resources: Resolving assembly.
TpTrace Information: 0 : 164968, 4, 2017/03/10, 14:13:58.549, 25112770229839, vstest.console.dll, AssemblyResolver: Microsoft.TestPlatform.CommunicationUtilities.resources: Resolving assembly.
TpTrace Error: 0 : 164968, 4, 2017/03/10, 14:13:58.551, 25112770244810, vstest.console.dll, Server: TestExecution: Aborting test run because System.IO.IOException: Unable to communicate with test execution process.
   at Microsoft.VisualStudio.TestPlatform.CommunicationUtilities.TestRequestSender.TryReceiveRawMessage()
   at Microsoft.VisualStudio.TestPlatform.CommunicationUtilities.TestRequestSender.ListenAndReportTestResults(ITestRunEventsHandler testRunEventsHandler)
TpTrace Verbose: 0 : 164968, 4, 2017/03/10, 14:13:58.551, 25112770246883, vstest.console.dll, TestRunRequest:SendTestRunMessage: Starting.
TpTrace Information: 0 : 164968, 4, 2017/03/10, 14:13:58.551, 25112770247746, vstest.console.dll, TestRunRequest:SendTestRunMessage: Completed.
TpTrace Error: 0 : 164968, 4, 2017/03/10, 14:13:58.574, 25112770473891, vstest.console.dll, Connection has been broken: not sending SessionEnd message
TpTrace Error: 0 : 164968, 9, 2017/03/10, 14:13:58.574, 25112770480851, vstest.console.dll, Connection has been broken: not sending SessionEnd message
TpTrace Verbose: 0 : 164968, 4, 2017/03/10, 14:13:58.588, 25112770614329, vstest.console.dll, TestRunRequest:TestRunComplete: Starting. IsAborted:True IsCanceled:False.
TpTrace Information: 0 : 164968, 4, 2017/03/10, 14:13:58.595, 25112770688794, vstest.console.dll, TestRunRequest:TestRunComplete: Completed.
TpTrace Verbose: 0 : 164968, 1, 2017/03/10, 14:13:58.598, 25112770718149, vstest.console.dll, TestRunRequest.Dispose: Starting.
TpTrace Information: 0 : 164968, 1, 2017/03/10, 14:13:58.598, 25112770718943, vstest.console.dll, TestRunRequest.Dispose: Completed.
TpTrace Information: 0 : 164968, 1, 2017/03/10, 14:13:58.598, 25112770719283, vstest.console.dll, RunTestsArgumentProcessor:Execute: Test run is completed.
TpTrace Verbose: 0 : 164968, 1, 2017/03/10, 14:13:58.598, 25112770719625, vstest.console.dll, Executor.Execute: Exiting with exit code of 1
